<?xml version="1.0" encoding="UTF-8"?>
<testsuite xmlns:xsi="http://www.w3.org/2001/XMLSchema-instance" xsi:noNamespaceSchemaLocation="https://maven.apache.org/surefire/maven-surefire-plugin/xsd/surefire-test-report-3.0.xsd" version="3.0" name="org.example.ApiClientTest" time="4.35" tests="1" errors="0" skipped="0" failures="0">
  <properties>
    <property name="java.specification.version" value="17"/>
    <property name="sun.cpu.isalist" value="amd64"/>
    <property name="sun.jnu.encoding" value="Cp1252"/>
    <property name="java.class.path" value="J:\Desktop\ProjektApi\target\test-classes;J:\Desktop\ProjektApi\target\classes;J:\.m2\repository\com\fasterxml\jackson\core\jackson-databind\2.16.0\jackson-databind-2.16.0.jar;J:\.m2\repository\com\fasterxml\jackson\core\jackson-annotations\2.16.0\jackson-annotations-2.16.0.jar;J:\.m2\repository\com\fasterxml\jackson\core\jackson-core\2.16.0\jackson-core-2.16.0.jar;J:\.m2\repository\org\javassist\javassist\3.27.0-GA\javassist-3.27.0-GA.jar;J:\.m2\repository\com\fasterxml\jackson\dataformat\jackson-dataformat-xml\2.15.1\jackson-dataformat-xml-2.15.1.jar;J:\.m2\repository\org\codehaus\woodstox\stax2-api\4.2.1\stax2-api-4.2.1.jar;J:\.m2\repository\com\fasterxml\woodstox\woodstox-core\6.5.1\woodstox-core-6.5.1.jar;J:\.m2\repository\org\apache\pdfbox\pdfbox\2.0.28\pdfbox-2.0.28.jar;J:\.m2\repository\org\apache\pdfbox\fontbox\2.0.28\fontbox-2.0.28.jar;J:\.m2\repository\commons-logging\commons-logging\1.2\commons-logging-1.2.jar;J:\.m2\repository\org\junit\jupiter\junit-jupiter-api\5.10.1\junit-jupiter-api-5.10.1.jar;J:\.m2\repository\org\opentest4j\opentest4j\1.3.0\opentest4j-1.3.0.jar;J:\.m2\repository\org\junit\platform\junit-platform-commons\1.10.1\junit-platform-commons-1.10.1.jar;J:\.m2\repository\org\apiguardian\apiguardian-api\1.1.2\apiguardian-api-1.1.2.jar;J:\.m2\repository\org\mockito\mockito-core\5.6.0\mockito-core-5.6.0.jar;J:\.m2\repository\net\bytebuddy\byte-buddy\1.14.8\byte-buddy-1.14.8.jar;J:\.m2\repository\net\bytebuddy\byte-buddy-agent\1.14.8\byte-buddy-agent-1.14.8.jar;J:\.m2\repository\org\objenesis\objenesis\3.3\objenesis-3.3.jar;J:\.m2\repository\junit\junit\4.12\junit-4.12.jar;J:\.m2\repository\org\hamcrest\hamcrest-core\1.3\hamcrest-core-1.3.jar;"/>
    <property name="java.vm.vendor" value="Amazon.com Inc."/>
    <property name="sun.arch.data.model" value="64"/>
    <property name="user.variant" value=""/>
    <property name="java.vendor.url" value="https://aws.amazon.com/corretto/"/>
    <property name="user.timezone" value="Europe/Warsaw"/>
    <property name="os.name" value="Windows Server 2019"/>
    <property name="java.vm.specification.version" value="17"/>
    <property name="sun.java.launcher" value="SUN_STANDARD"/>
    <property name="user.country" value="PL"/>
    <property name="sun.boot.library.path" value="J:\.jdks\corretto-17.0.8.1\bin"/>
    <property name="sun.java.command" value="C:\Users\s481879\AppData\Local\temp\8\surefire3219972981949085881\surefirebooter-20231125232706417_3.jar C:\Users\s481879\AppData\Local\temp\8\surefire3219972981949085881 2023-11-25T23-27-04_661-jvmRun1 surefire-20231125232706417_1tmp surefire_0-20231125232706417_2tmp"/>
    <property name="jdk.debug" value="release"/>
    <property name="surefire.test.class.path" value="J:\Desktop\ProjektApi\target\test-classes;J:\Desktop\ProjektApi\target\classes;J:\.m2\repository\com\fasterxml\jackson\core\jackson-databind\2.16.0\jackson-databind-2.16.0.jar;J:\.m2\repository\com\fasterxml\jackson\core\jackson-annotations\2.16.0\jackson-annotations-2.16.0.jar;J:\.m2\repository\com\fasterxml\jackson\core\jackson-core\2.16.0\jackson-core-2.16.0.jar;J:\.m2\repository\org\javassist\javassist\3.27.0-GA\javassist-3.27.0-GA.jar;J:\.m2\repository\com\fasterxml\jackson\dataformat\jackson-dataformat-xml\2.15.1\jackson-dataformat-xml-2.15.1.jar;J:\.m2\repository\org\codehaus\woodstox\stax2-api\4.2.1\stax2-api-4.2.1.jar;J:\.m2\repository\com\fasterxml\woodstox\woodstox-core\6.5.1\woodstox-core-6.5.1.jar;J:\.m2\repository\org\apache\pdfbox\pdfbox\2.0.28\pdfbox-2.0.28.jar;J:\.m2\repository\org\apache\pdfbox\fontbox\2.0.28\fontbox-2.0.28.jar;J:\.m2\repository\commons-logging\commons-logging\1.2\commons-logging-1.2.jar;J:\.m2\repository\org\junit\jupiter\junit-jupiter-api\5.10.1\junit-jupiter-api-5.10.1.jar;J:\.m2\repository\org\opentest4j\opentest4j\1.3.0\opentest4j-1.3.0.jar;J:\.m2\repository\org\junit\platform\junit-platform-commons\1.10.1\junit-platform-commons-1.10.1.jar;J:\.m2\repository\org\apiguardian\apiguardian-api\1.1.2\apiguardian-api-1.1.2.jar;J:\.m2\repository\org\mockito\mockito-core\5.6.0\mockito-core-5.6.0.jar;J:\.m2\repository\net\bytebuddy\byte-buddy\1.14.8\byte-buddy-1.14.8.jar;J:\.m2\repository\net\bytebuddy\byte-buddy-agent\1.14.8\byte-buddy-agent-1.14.8.jar;J:\.m2\repository\org\objenesis\objenesis\3.3\objenesis-3.3.jar;J:\.m2\repository\junit\junit\4.12\junit-4.12.jar;J:\.m2\repository\org\hamcrest\hamcrest-core\1.3\hamcrest-core-1.3.jar;"/>
    <property name="sun.cpu.endian" value="little"/>
    <property name="user.home" value="J:\"/>
    <property name="user.language" value="pl"/>
    <property name="java.specification.vendor" value="Oracle Corporation"/>
    <property name="java.version.date" value="2023-08-22"/>
    <property name="java.home" value="J:\.jdks\corretto-17.0.8.1"/>
    <property name="file.separator" value="\"/>
    <property name="basedir" value="J:\Desktop\ProjektApi"/>
    <property name="java.vm.compressedOopsMode" value="Zero based"/>
    <property name="line.separator" value="&#10;"/>
    <property name="java.vm.specification.vendor" value="Oracle Corporation"/>
    <property name="java.specification.name" value="Java Platform API Specification"/>
    <property name="surefire.real.class.path" value="C:\Users\s481879\AppData\Local\temp\8\surefire3219972981949085881\surefirebooter-20231125232706417_3.jar"/>
    <property name="user.script" value=""/>
    <property name="sun.management.compiler" value="HotSpot 64-Bit Tiered Compilers"/>
    <property name="java.runtime.version" value="17.0.8.1+8-LTS"/>
    <property name="user.name" value="s481879"/>
    <property name="path.separator" value=";"/>
    <property name="os.version" value="10.0"/>
    <property name="java.runtime.name" value="OpenJDK Runtime Environment"/>
    <property name="file.encoding" value="Cp1252"/>
    <property name="java.vm.name" value="OpenJDK 64-Bit Server VM"/>
    <property name="java.vendor.version" value="Corretto-17.0.8.8.1"/>
    <property name="localRepository" value="J:\.m2\repository"/>
    <property name="java.vendor.url.bug" value="https://github.com/corretto/corretto-17/issues/"/>
    <property name="java.io.tmpdir" value="C:\Users\s481879\AppData\Local\Temp\8\"/>
    <property name="idea.version" value="2023.2"/>
    <property name="java.version" value="17.0.8.1"/>
    <property name="user.dir" value="J:\Desktop\ProjektApi"/>
    <property name="os.arch" value="amd64"/>
    <property name="java.vm.specification.name" value="Java Virtual Machine Specification"/>
    <property name="sun.os.patch.level" value=""/>
    <property name="native.encoding" value="Cp1252"/>
    <property name="java.library.path" value="J:\.jdks\corretto-17.0.8.1\bin;C:\Windows\Sun\Java\bin;C:\Windows\system32;C:\Windows;c:\windows\bin\sysinternals;c:\windows\bin;c:\software\openssl\bin;c:\software\julia\bin;c:\software\GnuPG\bin;c:\software\imagemagick;c:\software\python3\Scripts;c:\software\python3;c:\software\mongodt\bin;c:\software\gnuplot\bin;c:\software\gs\bin;c:\software\putty;C:\Program Files\7-Zip;c:\software\ruby\bin;c:\software\haskell\lib\extralibs\bin;c:\software\haskell\bin;C:\Windows\system32;C:\Windows;C:\Windows\System32\Wbem;C:\Windows\System32\WindowsPowerShell\v1.0\;C:\Windows\System32\OpenSSH\;c:\software\jre\bin;c:\software\jdk\bin;C:\software\scala\bin;C:\Program Files\google\chrome\application;c:\software\thunderbird;c:\software\gsview\gsview;c:\software\maven\bin;c:\software\orca;c:\Program Files\dotnet\;c:\Program Files\Microsoft SQL Server\Client SDK\ODBC\170\Tools\Binn\;c:\software\gp;c:\software\gpg\bin;c:\software\vim;c:\software\qt\5.15.2\mingw81_64\bin;;C:\Program Files\Common Files\Datawatch\Drivers\7.1.5\jre\bin;C:\Program Files\Common Files\Datawatch\Drivers\7.1.5\jre\bin\server;c:\software\opencv\bin;C:\Program Files\Microsoft SQL Server\Client SDK\ODBC\130\Tools\Binn\;C:\Program Files\Microsoft SQL Server\130\DTS\Binn\;C:\Program Files (x86)\Microsoft SQL Server\130\Tools\Binn\;C:\Program Files\Microsoft SQL Server\130\Tools\Binn\;C:\Program Files (x86)\Microsoft SQL Server\150\DTS\Binn\;C:\Program Files\Azure Data Studio\bin;C:\Program Files (x86)\Microsoft SQL Server\110\DTS\Binn\;C:\Program Files (x86)\Microsoft SQL Server\120\DTS\Binn\;C:\Program Files (x86)\Microsoft SQL Server\130\DTS\Binn\;c:\software\firefox;C:\Program Files\ESET\ESET Security\;c:\software\latex\bin\windows;c:\software\cmake\bin;c:\software\ant\bin;c:\software\gradle\bin;c:\software\pgadmin4\runtime;c:\software\emacs\bin;C:\software\mongosh\;C:\Program Files\Amazon\AWSCLIV2\;c:\software\msys\usr\bin;c:\software\msys\mingw64\bin;C:\Program Files\TortoiseGit\bin;c:\software\adobe\reader\reader;c:\software\notepad++;c:\software\git\cmd;c:\software\php;C:\software\nodejs\;C:\Program Files\PowerShell\7\;;j:\.AppData\Python\Python310\Scripts;."/>
    <property name="java.vm.info" value="mixed mode, sharing"/>
    <property name="java.vendor" value="Amazon.com Inc."/>
    <property name="java.vm.version" value="17.0.8.1+8-LTS"/>
    <property name="sun.io.unicode.encoding" value="UnicodeLittle"/>
    <property name="java.class.version" value="61.0"/>
  </properties>
  <testcase name="testApi" classname="org.example.ApiClientTest" time="4.323"/>
</testsuite>